Process
=======
compile

Command Line
============
C:\graalvm-svm-java17-windows-gluon-22.1.0.1-Final\bin\native-image.cmd "-Djdk.internal.lambda.eagerlyInitialize=false" --no-server -H:+SharedLibrary -H:+AddAllCharsets -H:+ReportExceptionStackTraces -H:-DeadlockWatchdogExitOnTimeout "-H:DeadlockWatchdogInterval=0" -H:+RemoveSaturatedTypeFlows -H:+ExitAfterRelocatableImageWrite "--features=org.graalvm.home.HomeFinderFeature" "-H:TempDirectory=C:\Users\Andrei\IdeaProjects\MixerPrototype\target\gluonfx\x86_64-windows\gvm\tmp" "-H:EnableURLProtocols=http,https" "-H:ReflectionConfigurationFiles=C:\Users\Andrei\IdeaProjects\MixerPrototype\target\gluonfx\x86_64-windows\gvm\reflectionconfig-x86_64-windows.json" "-H:JNIConfigurationFiles=C:\Users\Andrei\IdeaProjects\MixerPrototype\target\gluonfx\x86_64-windows\gvm\jniconfig-x86_64-windows.json" "-H:ResourceConfigurationFiles=C:\Users\Andrei\IdeaProjects\MixerPrototype\target\gluonfx\x86_64-windows\gvm\resourceconfig-x86_64-windows.json" "-H:IncludeResourceBundles=com/sun/javafx/scene/control/skin/resources/controls,com/sun/javafx/scene/control/skin/resources/controls-nt,com.sun.javafx.tk.quantum.QuantumMessagesBundle,com/sun/glass/ui/win/themes" "-Dsvm.platform=org.graalvm.nativeimage.Platform$WINDOWS_AMD64" -cp "C:\Users\Andrei\.m2\repository\com\gluonhq\substrate\0.0.58\substrate-0.0.58.jar;C:\Users\Andrei\IdeaProjects\MixerPrototype\target\gluonfx\x86_64-windows\gvm\tmp\classpathJar.jar" com.mixer.Prototype

Output
======
Warning: Ignoring server-mode native-image argument --no-server.
========================================================================================================================
GraalVM Native Image: Generating 'com.mixer.prototype' (shared library)...
========================================================================================================================
[1/7] Initializing...                                                                                    (6.9s @ 0.22GB)
 Version info: 'GraalVM 22.1.0.1 Java 17 CE'
 C compiler: cl.exe (microsoft, x64, 19.35.32217)
 Garbage collector: Serial GC
 2 user-provided feature(s)
  - com.oracle.svm.polyglot.kotlin.KotlinFeature
  - com.oracle.svm.thirdparty.gson.GsonFeature
[2/7] Performing analysis...  [**************]                                                          (27.0s @ 3.69GB)
  13,234 (90.88%) of 14,562 classes reachable
  24,471 (68.52%) of 35,712 fields reachable
  64,671 (62.10%) of 104,135 methods reachable
     675 classes,   190 fields, and 3,139 methods registered for reflection
     137 classes,   152 fields, and   208 methods registered for JNI access
[3/7] Building universe...                                                                               (2.3s @ 4.58GB)
[4/7] Parsing methods...      [*]                                                                        (1.3s @ 3.01GB)
[5/7] Inlining methods...     [****]                                                                     (3.3s @ 3.56GB)
[6/7] Compiling methods...    [****]                                                                    (14.7s @ 3.54GB)

------------------------------------------------------------------------------------------------------------------------
                        5.5s (8.5% of total time) in 38 GCs | Peak RSS: 7.48GB | CPU load: 8.68
------------------------------------------------------------------------------------------------------------------------
Produced artifacts:
 C:\Users\Andrei\IdeaProjects\MixerPrototype\target\gluonfx\x86_64-windows\gvm\MixerPrototype\graal_isolate.h (header)
 C:\Users\Andrei\IdeaProjects\MixerPrototype\target\gluonfx\x86_64-windows\gvm\MixerPrototype\com.mixer.prototype.h (header)
 C:\Users\Andrei\IdeaProjects\MixerPrototype\target\gluonfx\x86_64-windows\gvm\MixerPrototype\graal_isolate_dynamic.h (header)
 C:\Users\Andrei\IdeaProjects\MixerPrototype\target\gluonfx\x86_64-windows\gvm\MixerPrototype\com.mixer.prototype_dynamic.h (header)
 C:\Users\Andrei\IdeaProjects\MixerPrototype\target\gluonfx\x86_64-windows\gvm\MixerPrototype\com.mixer.prototype.build_artifacts.txt
========================================================================================================================
Finished generating 'com.mixer.prototype' in 1m 2s.


Result
======
result: 0